2018-04-06T00:46:51.299Z - info: User function triggered, starting execution
2018-04-06T00:46:51.309Z - info: Execution took 19 ms, user function completed successfully
2018-04-06T00:51:26.978Z - info: User function triggered, starting execution
Execution took 1 ms, user function completed successfully
2018-04-06T00:51:57.143Z - info: User function triggered, starting execution
Execution took 0 ms, user function completed successfully
2018-04-06T00:53:31.034Z - info: User function triggered, starting execution
Execution took 0 ms, user function completed successfully
2018-04-06T01:06:04.465Z - info: User function triggered, starting execution
2018-04-06T01:06:04.477Z - info: Execution took 15 ms, user function completed successfully
2018-04-06T01:06:56.018Z - info: User function triggered, starting execution
Execution took 1 ms, user function completed successfully
2018-04-06T01:09:42.629Z - info: User function triggered, starting execution
Execution took 1 ms, user function completed successfully
2018-04-06T01:20:00.756Z - info: User function triggered, starting execution
2018-04-06T01:20:00.766Z - info: Execution took 11 ms, user function completed successfully
2018-04-07T00:04:52.216Z - info: User function triggered, starting execution
2018-04-07T00:04:53.022Z - info: Execution took 806 ms, user function completed successfully
2018-04-07T00:23:25.422Z - info: User function triggered, starting execution
2018-04-07T00:23:26.243Z - info: Execution took 821 ms, user function completed successfully
2018-04-07T00:43:05.303Z - info: User function triggered, starting execution
2018-04-07T00:43:06.121Z - info: Execution took 817 ms, user function completed successfully
2018-04-07T00:43:50.395Z - info: Worker for api closed due to file changes.
2018-04-11T02:09:08.561Z - info: User function triggered, starting execution
2018-04-11T02:09:16.999Z - info: Execution took 8436 ms, user function completed successfully
2018-04-11T02:21:36.534Z - info: User function triggered, starting execution
2018-04-11T02:21:39.154Z - info: DataSnapshot {
  node_: 
   ChildrenNode {
     children_: SortedMap { comparator_: [Function: NAME_COMPARATOR], root_: [LLRBNode] },
     priorityNode_: 
      ChildrenNode {
        children_: [SortedMap],
        priorityNode_: null,
        indexMap_: [IndexMap],
        lazyHash_: '' },
     indexMap_: IndexMap { indexes_: [Object], indexSet_: [Object] },
     lazyHash_: null },
  ref_: 
   Reference {
     repo: 
      Repo {
        repoInfo_: [RepoInfo],
        app: [FirebaseApp],
        dataUpdateCount: 1,
        statsListener_: null,
        eventQueue_: [EventQueue],
        nextWriteId_: 1,
        interceptServerDataCallback_: null,
        onDisconnect_: [SparseSnapshotTree],
        persistentConnection_: [PersistentConnection],
        stats_: [StatsCollection],
        server_: [PersistentConnection],
        statsReporter_: [StatsReporter],
        transactionQueueTree_: [Tree],
        infoData_: [SnapshotHolder],
        infoSyncTree_: [SyncTree],
        serverSyncTree_: [SyncTree],
        __database: [Database] },
     path: Path { pieces_: [Array], pieceNum_: 0 },
     queryParams_: 
      QueryParams {
        limitSet_: false,
        startSet_: false,
        startNameSet_: false,
        endSet_: false,
        endNameSet_: false,
        limit_: 0,
        viewFrom_: '',
        indexStartValue_: null,
        indexStartName_: '',
        indexEndValue_: null,
        indexEndName_: '',
        index_: PriorityIndex {} },
     orderByCalled_: false },
  index_: PriorityIndex {} }
2018-04-11T02:21:39.161Z - info: Execution took 2628 ms, user function completed successfully
2018-04-12T01:55:44.782Z - info: User function triggered, starting execution
2018-04-12T01:55:48.113Z - info: Execution took 3329 ms, user function completed successfully
2018-04-12T01:57:01.200Z - info: User function triggered, starting execution
2018-04-12T01:57:01.434Z - info: Execution took 232 ms, user function completed successfully
2018-04-12T01:57:08.190Z - info: User function triggered, starting execution
2018-04-12T01:57:08.428Z - info: Execution took 238 ms, user function completed successfully
2018-04-12T02:01:14.559Z - info: Worker for api closed due to file changes.
2018-04-12T02:01:36.459Z - info: User function triggered, starting execution
2018-04-12T02:01:39.572Z - info: Execution took 3113 ms, user function completed successfully
2018-04-12T02:01:45.061Z - info: User function triggered, starting execution
2018-04-12T02:01:45.602Z - info: Execution took 540 ms, user function completed successfully
2018-04-12T02:48:41.975Z - info: User function triggered, starting execution
2018-04-12T02:48:44.767Z - info: Execution took 2791 ms, user function completed successfully
